Build started 6/22/2018 5:07:08 PM.
     1>Project "D:\BSD_netstack_to_win\4.4bsd\my_code\bsd_stack_4build_process\bsd_stack\bsd_stack.vcxproj" on node 2 (Build target(s)).
     1>InitializeBuildStatus:
         Touching "x64\Debug\bsd_stack.tlog\unsuccessfulbuild".
     1>C:\Program Files (x86)\MSBuild\Microsoft.Cpp\v4.0\V140\Microsoft.CppBuild.targets(936,5): warning MSB8027: Two or more files with the name of in_cksum.c will produce outputs to the same location. This can lead to an incorrect build result.  The files involved are i386\i386\in_cksum.c, netinet\in_cksum.c.
       ClCompile:
         C:\Program Files (x86)\Microsoft Visual Studio 14.0\VC\bin\x86_amd64\CL.exe /c /I./ /Idev/winpcap/ /ZI /nologo /W1 /WX- /sdl /Od /D INET /D KERNEL /D __LP64__ /D _MBCS /D _MBCS /Gm /EHsc /RTC1 /MDd /GS /fp:precise /Zc:wchar_t /Zc:forScope /Zc:inline /Fo"x64\Debug\\" /Fd"x64\Debug\vc140.pdb" /FR"x64\Debug\\" /Gd /TC /errorReport:prompt test\stubs.c
         stubs.c
     1>d:\bsd_netstack_to_win\4.4bsd\my_code\bsd_stack_4build_process\bsd_stack\test\stubs.c(29): warning C4716: 'pfind': must return a value
       Link:
         C:\Program Files (x86)\Microsoft Visual Studio 14.0\VC\bin\x86_amd64\link.exe /ERRORREPORT:PROMPT /OUT:"D:\BSD_netstack_to_win\4.4bsd\my_code\bsd_stack_4build_process\x64\Debug\bsd_stack.exe" /INCREMENTAL /NOLOGO D:\BSD_netstack_to_win\4.4bsd\my_code\bsd_stack_4build_process\bsd_stack\dev\winpcap\Lib\x64\wpcap.lib ws2_32.lib kernel32.lib user32.lib gdi32.lib winspool.lib comdlg32.lib advapi32.lib shell32.lib ole32.lib oleaut32.lib uuid.lib odbc32.lib odbccp32.lib /MANIFEST /MANIFESTUAC:"level='asInvoker' uiAccess='false'" /manifest:embed /DEBUG:FASTLINK /PDB:"D:\BSD_netstack_to_win\4.4bsd\my_code\bsd_stack_4build_process\x64\Debug\bsd_stack.pdb" /TLBID:1 /DYNAMICBASE /NXCOMPAT /IMPLIB:"D:\BSD_netstack_to_win\4.4bsd\my_code\bsd_stack_4build_process\x64\Debug\bsd_stack.lib" /MACHINE:X64 x64\Debug\winpcap_intf.obj
         x64\Debug\in_cksum.obj
         x64\Debug\init_main.obj
         x64\Debug\log.obj
         x64\Debug\uipc_domain.obj
         x64\Debug\uipc_mbuf.obj
         x64\Debug\uipc_socket.obj
         x64\Debug\uipc_socket2.obj
         x64\Debug\sync.obj
         x64\Debug\malloc.obj
         x64\Debug\min_max.obj
         x64\Debug\queue.obj
         x64\Debug\random.obj
         x64\Debug\thread.obj
         x64\Debug\time.obj
         x64\Debug\timeout.obj
         x64\Debug\uiomove.obj
         x64\Debug\if_ether.obj
         x64\Debug\igmp.obj
         x64\Debug\in.obj
         x64\Debug\in_cksum.obj
         x64\Debug\in_pcb.obj
         x64\Debug\in_proto.obj
         x64\Debug\ip_icmp.obj
         x64\Debug\ip_input.obj
         x64\Debug\ip_output.obj
         x64\Debug\raw_ip.obj
         x64\Debug\tcp_debug.obj
         x64\Debug\tcp_input.obj
         x64\Debug\tcp_output.obj
         x64\Debug\tcp_subr.obj
         x64\Debug\tcp_timer.obj
         x64\Debug\tcp_usrreq.obj
         x64\Debug\udp_usrreq.obj
         x64\Debug\if.obj
         x64\Debug\if_ethersubr.obj
         x64\Debug\if_loop.obj
         x64\Debug\if_wp.obj
         x64\Debug\radix.obj
         x64\Debug\raw_cb.obj
         x64\Debug\raw_usrreq.obj
         x64\Debug\route.obj
         x64\Debug\rtsock.obj
         x64\Debug\main.obj
         x64\Debug\stubs.obj
         x64\Debug\ut.obj
         x64\Debug\vars.obj
     1>x64\Debug\in_cksum.obj : warning LNK4042: object specified more than once; extras ignored
     1>uipc_socket.obj : error LNK2019: unresolved external symbol tsleep referenced in function soclose
     1>uipc_socket2.obj : error LNK2001: unresolved external symbol tsleep
     1>uipc_socket.obj : error LNK2019: unresolved external symbol wakeup referenced in function soreceive
     1>uipc_socket2.obj : error LNK2001: unresolved external symbol wakeup
     1>tcp_subr.obj : error LNK2001: unresolved external symbol wakeup
     1>D:\BSD_netstack_to_win\4.4bsd\my_code\bsd_stack_4build_process\x64\Debug\bsd_stack.exe : fatal error LNK1120: 2 unresolved externals
     1>Done Building Project "D:\BSD_netstack_to_win\4.4bsd\my_code\bsd_stack_4build_process\bsd_stack\bsd_stack.vcxproj" (Build target(s)) -- FAILED.

Build FAILED.

Time Elapsed 00:00:00.81
